<?xml version="1.0" encoding="UTF-8"?>
<!-- Generated by org.testng.reporters.JUnitReportReporter -->
<testsuite hostname="DESKTOP-6TCTHJ3" failures="0" tests="1" name="curs17.ForestBook" time="0.135" errors="0" timestamp="2024-05-19T18:11:44 EEST" skipped="0">
  <testcase classname="curs17.ForestBook" name="checkForestBook" time="0.135"/>
  <system-out/>
</testsuite> <!-- curs17.ForestBook -->
