<?xml version="1.0" encoding="UTF-8"?>
<!-- Generated by org.testng.reporters.JUnitReportReporter -->
<testsuite hostname="DESKTOP-6TCTHJ3" failures="0" tests="1" name="curs19.CssSelectorExample" time="1.066" errors="0" timestamp="2024-05-26T19:15:36 EEST" skipped="0">
  <testcase classname="curs19.CssSelectorExample" name="cssExample2" time="1.066"/>
  <system-out/>
</testsuite> <!-- curs19.CssSelectorExample -->
