<?xml version="1.0" encoding="UTF-8"?>
<!-- Generated by org.testng.reporters.JUnitReportReporter -->
<testsuite hostname="DESKTOP-6TCTHJ3" failures="0" tests="1" name="curs15.OpenBrowser" time="21.438" errors="0" timestamp="2024-05-13T19:19:23 EEST" skipped="0">
  <testcase classname="curs15.OpenBrowser" name="openBrowser" time="21.438"/>
  <system-out/>
</testsuite> <!-- curs15.OpenBrowser -->
