<?xml version="1.0" encoding="UTF-8"?>
<!-- Generated by org.testng.reporters.JUnitReportReporter -->
<testsuite hostname="DESKTOP-6TCTHJ3" failures="0" tests="1" name="curs17.FindElementsExample" time="0.053" errors="0" timestamp="2024-05-19T17:30:18 EEST" skipped="0">
  <testcase classname="curs17.FindElementsExample" name="findElementsExample" time="0.053"/>
  <system-out/>
</testsuite> <!-- curs17.FindElementsExample -->
