<?xml version="1.0" encoding="UTF-8"?>
<!-- Generated by org.testng.reporters.JUnitReportReporter -->
<testsuite hostname="DESKTOP-6TCTHJ3" failures="0" tests="1" name="curs19.Cart" time="20.892" errors="0" timestamp="2024-05-26T20:37:25 EEST" skipped="0">
  <testcase classname="curs19.Cart" name="addToCart" time="20.892"/>
  <system-out/>
</testsuite> <!-- curs19.Cart -->
