<?xml version="1.0" encoding="UTF-8"?>
<!-- Generated by org.testng.reporters.JUnitReportReporter -->
<testsuite hostname="DESKTOP-6TCTHJ3" failures="0" tests="1" name="curs18.ContactPage" time="7.047" errors="0" timestamp="2024-05-26T19:03:10 EEST" skipped="0">
  <testcase classname="curs18.ContactPage" name="sendMessageMethod" time="7.047"/>
  <system-out/>
</testsuite> <!-- curs18.ContactPage -->
