<?xml version="1.0" encoding="UTF-8"?>
<!-- Generated by org.testng.reporters.JUnitReportReporter -->
<testsuite hostname="DESKTOP-6TCTHJ3" failures="0" tests="3" name="curs16.TestPriorityExample" time="0.010" errors="0" timestamp="2024-05-13T19:42:04 EEST" skipped="0">
  <testcase classname="curs16.TestPriorityExample" name="three" time="0.001"/>
  <system-out/>
  <testcase classname="curs16.TestPriorityExample" name="one" time="0.008"/>
  <system-out/>
  <testcase classname="curs16.TestPriorityExample" name="two" time="0.001"/>
  <system-out/>
</testsuite> <!-- curs16.TestPriorityExample -->
