<?xml version="1.0" encoding="UTF-8"?>
<!-- Generated by org.testng.reporters.JUnitReportReporter -->
<testsuite hostname="DESKTOP-6TCTHJ3" failures="0" tests="3" name="curs16.BeforeAfterAnnotations" time="0.011" errors="0" timestamp="2024-05-13T20:58:31 EEST" skipped="0">
  <testcase classname="curs16.BeforeAfterAnnotations" name="test2" time="0.001"/>
  <system-out/>
  <testcase classname="curs16.BeforeAfterAnnotations" name="test1" time="0.006"/>
  <system-out/>
  <testcase classname="curs16.BeforeAfterAnnotations" name="test3" time="0.004"/>
  <system-out/>
</testsuite> <!-- curs16.BeforeAfterAnnotations -->
